Flow report for scomp
Thu Oct 24 20:31:46 2013
Quartus II Version 9.1 Build 350 03/24/2010 Service Pack 2 SJ Full Version


---------------------
; Table of Contents ;
---------------------
  1. Legal Notice
  2. Flow Summary
  3. Flow Settings
  4. Flow Non-Default Global Settings
  5. Flow Elapsed Time
  6. Flow OS Summary
  7. Flow Log



----------------
; Legal Notice ;
----------------
Copyright (C) 1991-2010 Altera Corporation
Your use of Altera Corporation's design tools, logic functions 
and other software and tools, and its AMPP partner logic 
functions, and any output files from any of the foregoing 
(including device programming or simulation files), and any 
associated documentation or information are expressly subject 
to the terms and conditions of the Altera Program License 
Subscription Agreement, Altera MegaCore Function License 
Agreement, or other applicable license agreement, including, 
without limitation, that your use is for the sole purpose of 
programming logic devices manufactured by Altera and sold by 
Altera or its authorized distributors.  Please refer to the 
applicable agreement for further details.



+------------------------------------------------------------------------------------+
; Flow Summary                                                                       ;
+------------------------------------+-----------------------------------------------+
; Flow Status                        ; Successful - Thu Oct 24 20:31:46 2013         ;
; Quartus II Version                 ; 9.1 Build 350 03/24/2010 SP 2 SJ Full Version ;
; Revision Name                      ; scomp                                         ;
; Top-level Entity Name              ; SCOMP                                         ;
; Family                             ; Cyclone II                                    ;
; Device                             ; EP2C35F672C6                                  ;
; Timing Models                      ; Final                                         ;
; Met timing requirements            ; Yes                                           ;
; Total logic elements               ; 356 / 33,216 ( 1 % )                          ;
;     Total combinational functions  ; 349 / 33,216 ( 1 % )                          ;
;     Dedicated logic registers      ; 76 / 33,216 ( < 1 % )                         ;
; Total registers                    ; 76                                            ;
; Total pins                         ; 82 / 475 ( 17 % )                             ;
; Total virtual pins                 ; 0                                             ;
; Total memory bits                  ; 16,384 / 483,840 ( 3 % )                      ;
; Embedded Multiplier 9-bit elements ; 0 / 70 ( 0 % )                                ;
; Total PLLs                         ; 0 / 4 ( 0 % )                                 ;
+------------------------------------+-----------------------------------------------+


+-----------------------------------------+
; Flow Settings                           ;
+-------------------+---------------------+
; Option            ; Setting             ;
+-------------------+---------------------+
; Start date & time ; 10/24/2013 20:31:26 ;
; Main task         ; Compilation         ;
; Revision Name     ; scomp               ;
+-------------------+---------------------+


+--------------------------------------------------------------------------------------------------+
; Flow Non-Default Global Settings                                                                 ;
+------------------------+------------------------------+---------------+-------------+------------+
; Assignment Name        ; Value                        ; Default Value ; Entity Name ; Section Id ;
+------------------------+------------------------------+---------------+-------------+------------+
; COMPILER_SIGNATURE_ID  ; 132228162798.138266108605184 ; --            ; --          ; --         ;
; MAX_CORE_JUNCTION_TEMP ; 85                           ; --            ; --          ; --         ;
; MIN_CORE_JUNCTION_TEMP ; 0                            ; --            ; --          ; --         ;
; PARTITION_COLOR        ; 16764057                     ; --            ; --          ; Top        ;
; PARTITION_NETLIST_TYPE ; SOURCE                       ; --            ; --          ; Top        ;
+------------------------+------------------------------+---------------+-------------+------------+


+-----------------------------------------------------------------------------------------------------------------------------+
; Flow Elapsed Time                                                                                                           ;
+-------------------------+--------------+-------------------------+---------------------+------------------------------------+
; Module Name             ; Elapsed Time ; Average Processors Used ; Peak Virtual Memory ; Total CPU Time (on all processors) ;
+-------------------------+--------------+-------------------------+---------------------+------------------------------------+
; Analysis & Synthesis    ; 00:00:05     ; 1.0                     ; 245 MB              ; 00:00:05                           ;
; Fitter                  ; 00:00:09     ; 1.4                     ; 291 MB              ; 00:00:09                           ;
; Assembler               ; 00:00:04     ; 1.0                     ; 260 MB              ; 00:00:03                           ;
; Classic Timing Analyzer ; 00:00:00     ; 1.0                     ; 166 MB              ; 00:00:00                           ;
; Total                   ; 00:00:18     ; --                      ; --                  ; 00:00:17                           ;
+-------------------------+--------------+-------------------------+---------------------+------------------------------------+


+------------------------------------------------------------------------------------------+
; Flow OS Summary                                                                          ;
+-------------------------+------------------+---------------+------------+----------------+
; Module Name             ; Machine Hostname ; OS Name       ; OS Version ; Processor type ;
+-------------------------+------------------+---------------+------------+----------------+
; Analysis & Synthesis    ; 2031LAB011       ; Windows Vista ; 6.1        ; x86_64         ;
; Fitter                  ; 2031LAB011       ; Windows Vista ; 6.1        ; x86_64         ;
; Assembler               ; 2031LAB011       ; Windows Vista ; 6.1        ; x86_64         ;
; Classic Timing Analyzer ; 2031LAB011       ; Windows Vista ; 6.1        ; x86_64         ;
+-------------------------+------------------+---------------+------------+----------------+


------------
; Flow Log ;
------------
quartus_map --read_settings_files=on --write_settings_files=off scomp -c scomp
quartus_fit --read_settings_files=off --write_settings_files=off scomp -c scomp
quartus_asm --read_settings_files=off --write_settings_files=off scomp -c scomp
quartus_tan --read_settings_files=off --write_settings_files=off scomp -c scomp --timing_analysis_only



