MIF/HEX Update report for top_scomp
Thu Oct 24 20:33:00 2013
Quartus II Version 9.1 Build 350 03/24/2010 Service Pack 2 SJ Full Version


---------------------
; Table of Contents ;
---------------------
  1. Legal Notice
  2. MIF/HEX Update Summary
  3. MIF/HEX Update Processed Files
  4. MIF/HEX Update Messages



----------------
; Legal Notice ;
----------------
Copyright (C) 1991-2010 Altera Corporation
Your use of Altera Corporation's design tools, logic functions 
and other software and tools, and its AMPP partner logic 
functions, and any output files from any of the foregoing 
(including device programming or simulation files), and any 
associated documentation or information are expressly subject 
to the terms and conditions of the Altera Program License 
Subscription Agreement, Altera MegaCore Function License 
Agreement, or other applicable license agreement, including, 
without limitation, that your use is for the sole purpose of 
programming logic devices manufactured by Altera and sold by 
Altera or its authorized distributors.  Please refer to the 
applicable agreement for further details.



+---------------------------------------------------------------+
; MIF/HEX Update Summary                                        ;
+-----------------------+---------------------------------------+
; MIF/HEX Update Status ; Successful - Thu Oct 24 20:33:00 2013 ;
; Revision Name         ; top_scomp                             ;
; Top-level Entity Name ; top_scomp                             ;
; Family                ; Cyclone II                            ;
; Device                ; EP2C35F672C6                          ;
+-----------------------+---------------------------------------+


+----------------------------------------+
; MIF/HEX Update Processed Files         ;
+----------------------------------------+
; File Name                              ;
+----------------------------------------+
; C:/Users/vjain40/Lab8ii/Lab7/swag2.mif ;
+----------------------------------------+


+-------------------------+
; MIF/HEX Update Messages ;
+-------------------------+
Info: *******************************************************************
Info: Running Quartus II MIF/HEX Update
    Info: Version 9.1 Build 350 03/24/2010 Service Pack 2 SJ Full Version
    Info: Processing started: Thu Oct 24 20:33:00 2013
Info: Command: quartus_cdb top_scomp -c top_scomp --update_mif
Warning: 7 out of 1024 addresses are reinitialized. The latest initialized data will replace the existing data. There are 7 warnings found, and 7 warnings are reported.
    Warning: Memory Initialization File address 0 is reinitialized
    Warning: Memory Initialization File address 1 is reinitialized
    Warning: Memory Initialization File address 2 is reinitialized
    Warning: Memory Initialization File address 3 is reinitialized
    Warning: Memory Initialization File address 80 is reinitialized
    Warning: Memory Initialization File address 81 is reinitialized
    Warning: Memory Initialization File address 82 is reinitialized
Info: Processed the following Memory Initialization File(s)
    Info: Processed Memory Initialization File C:/Users/vjain40/Lab8ii/Lab7/swag2.mif
Info: Quartus II MIF/HEX Update was successful. 0 errors, 8 warnings
    Info: Peak virtual memory: 216 megabytes
    Info: Processing ended: Thu Oct 24 20:33:00 2013
    Info: Elapsed time: 00:00:00
    Info: Total CPU time (on all processors): 00:00:01


